<?xml version="1.0" encoding="UTF-8"?>
<testsuite name="com.familymap.test_EventTypeAccess" tests="4" skipped="0" failures="0" errors="0" timestamp="2017-11-02T00:53:54" hostname="ImacAttack" time="0.072">
  <properties/>
  <testcase name="testRead" classname="com.familymap.test_EventTypeAccess" time="0.02"/>
  <testcase name="testCreate" classname="com.familymap.test_EventTypeAccess" time="0.012"/>
  <testcase name="testDelete" classname="com.familymap.test_EventTypeAccess" time="0.015"/>
  <testcase name="testUpdate" classname="com.familymap.test_EventTypeAccess" time="0.024"/>
  <system-out><![CDATA[]]></system-out>
  <system-err><![CDATA[]]></system-err>
</testsuite>
