<?xml version="1.0" encoding="UTF-8"?>
<testsuite name="com.familymap.test_UserAccess" tests="2" skipped="0" failures="0" errors="0" timestamp="2017-11-03T08:43:42" hostname="ImacAttack" time="0.056">
  <properties/>
  <testcase name="testRead" classname="com.familymap.test_UserAccess" time="0.04"/>
  <testcase name="testCreate" classname="com.familymap.test_UserAccess" time="0.016"/>
  <system-out><![CDATA[]]></system-out>
  <system-err><![CDATA[]]></system-err>
</testsuite>
