<?xml version="1.0" encoding="UTF-8"?>
<testsuite name="com.familymap.test_PersonAccess" tests="2" skipped="0" failures="0" errors="0" timestamp="2017-11-03T08:43:42" hostname="ImacAttack" time="0.028">
  <properties/>
  <testcase name="testRead" classname="com.familymap.test_PersonAccess" time="0.017"/>
  <testcase name="testCreate" classname="com.familymap.test_PersonAccess" time="0.011"/>
  <system-out><![CDATA[]]></system-out>
  <system-err><![CDATA[]]></system-err>
</testsuite>
