<?xml version="1.0" encoding="UTF-8"?>
<testsuite name="com.familymap.test_ClearService" tests="1" skipped="0" failures="0" errors="0" timestamp="2017-11-07T00:40:39" hostname="clwc-prog-5.byu.edu" time="0.101">
  <properties/>
  <testcase name="testClear" classname="com.familymap.test_ClearService" time="0.101"/>
  <system-out><![CDATA[]]></system-out>
  <system-err><![CDATA[]]></system-err>
</testsuite>
