<?xml version="1.0" encoding="UTF-8"?>
<testsuite name="com.familymap.test_EventAccess" tests="3" skipped="0" failures="0" errors="0" timestamp="2017-11-05T03:28:26" hostname="ImacAttack" time="0.063">
  <properties/>
  <testcase name="testRead" classname="com.familymap.test_EventAccess" time="0.03"/>
  <testcase name="testCreate" classname="com.familymap.test_EventAccess" time="0.007"/>
  <testcase name="testDelete" classname="com.familymap.test_EventAccess" time="0.025"/>
  <system-out><![CDATA[SELECT * FROM event where id = 28
]]></system-out>
  <system-err><![CDATA[]]></system-err>
</testsuite>
