<?xml version="1.0" encoding="UTF-8"?>
<testsuite name="com.familymap.test_AuthenticationAccess" tests="2" skipped="0" failures="0" errors="0" timestamp="2017-11-03T06:12:36" hostname="ImacAttack" time="0.537">
  <properties/>
  <testcase name="testRead" classname="com.familymap.test_AuthenticationAccess" time="0.506"/>
  <testcase name="testCreate" classname="com.familymap.test_AuthenticationAccess" time="0.03"/>
  <system-out><![CDATA[]]></system-out>
  <system-err><![CDATA[]]></system-err>
</testsuite>
