<?xml version="1.0" encoding="UTF-8"?>
<testsuite name="com.familymap.test_EventAccess" tests="4" skipped="0" failures="0" errors="0" timestamp="2017-11-03T06:12:36" hostname="ImacAttack" time="0.334">
  <properties/>
  <testcase name="testRead" classname="com.familymap.test_EventAccess" time="0.015"/>
  <testcase name="testCreate" classname="com.familymap.test_EventAccess" time="0.016"/>
  <testcase name="testDelete" classname="com.familymap.test_EventAccess" time="0.014"/>
  <testcase name="testUpdate" classname="com.familymap.test_EventAccess" time="0.287"/>
  <system-out><![CDATA[]]></system-out>
  <system-err><![CDATA[]]></system-err>
</testsuite>
