<?xml version="1.0" encoding="UTF-8"?>
<testsuite name="com.familymap.test_AuthenticationAccess" tests="2" skipped="0" failures="0" errors="0" timestamp="2017-11-05T03:28:25" hostname="ImacAttack" time="0.471">
  <properties/>
  <testcase name="testRead" classname="com.familymap.test_AuthenticationAccess" time="0.454"/>
  <testcase name="testCreate" classname="com.familymap.test_AuthenticationAccess" time="0.017"/>
  <system-out><![CDATA[SELECT * FROM authentication where id = 17
]]></system-out>
  <system-err><![CDATA[]]></system-err>
</testsuite>
