<?xml version="1.0" encoding="UTF-8"?>
<testsuite name="com.familymap.test_EventAccess" tests="3" skipped="0" failures="0" errors="0" timestamp="2017-11-07T00:40:41" hostname="clwc-prog-5.byu.edu" time="0.034">
  <properties/>
  <testcase name="testRead" classname="com.familymap.test_EventAccess" time="0.015"/>
  <testcase name="testCreate" classname="com.familymap.test_EventAccess" time="0.006"/>
  <testcase name="testDelete" classname="com.familymap.test_EventAccess" time="0.011"/>
  <system-out><![CDATA[]]></system-out>
  <system-err><![CDATA[]]></system-err>
</testsuite>
