<?xml version="1.0" encoding="UTF-8"?>
<testsuite name="com.familymap.test_UserAccess" tests="2" skipped="0" failures="0" errors="0" timestamp="2017-11-07T00:40:42" hostname="clwc-prog-5.byu.edu" time="0.016">
  <properties/>
  <testcase name="testRead" classname="com.familymap.test_UserAccess" time="0.01"/>
  <testcase name="testCreate" classname="com.familymap.test_UserAccess" time="0.005"/>
  <system-out><![CDATA[]]></system-out>
  <system-err><![CDATA[]]></system-err>
</testsuite>
