<?xml version="1.0" encoding="UTF-8"?>
<testsuite name="com.familymap.test_EventTypeAccess" tests="4" skipped="0" failures="0" errors="0" timestamp="2017-11-01T06:39:54" hostname="ImacAttack" time="0.064">
  <properties/>
  <testcase name="testRead" classname="com.familymap.test_EventTypeAccess" time="0.018"/>
  <testcase name="testCreate" classname="com.familymap.test_EventTypeAccess" time="0.009"/>
  <testcase name="testDelete" classname="com.familymap.test_EventTypeAccess" time="0.021"/>
  <testcase name="testUpdate" classname="com.familymap.test_EventTypeAccess" time="0.016"/>
  <system-out><![CDATA[********************************DELETE FROM EventType where id = 207
********************************UPDATE EventType SET  type = 'Divorce'  WHERE id = 208
]]></system-out>
  <system-err><![CDATA[]]></system-err>
</testsuite>
