<?xml version="1.0" encoding="UTF-8"?>
<testsuite name="com.familymap.test_SQLDBConnection" tests="4" skipped="0" failures="0" errors="0" timestamp="2017-11-01T06:37:34" hostname="ImacAttack" time="0.058">
  <properties/>
  <testcase name="testRead" classname="com.familymap.test_SQLDBConnection" time="0.016"/>
  <testcase name="testCreate" classname="com.familymap.test_SQLDBConnection" time="0.007"/>
  <testcase name="testDelete" classname="com.familymap.test_SQLDBConnection" time="0.018"/>
  <testcase name="testUpdate" classname="com.familymap.test_SQLDBConnection" time="0.016"/>
  <system-out><![CDATA[********************************DELETE FROM EventType where id = 199
********************************UPDATE EventType SET type = '*****' WHERE id = 200
]]></system-out>
  <system-err><![CDATA[]]></system-err>
</testsuite>
