<?xml version="1.0" encoding="UTF-8"?>
<testsuite name="com.familymap.test_SQLDBConnection" tests="3" skipped="0" failures="0" errors="0" timestamp="2017-10-30T18:34:58" hostname="clwc-prog-5.byu.edu" time="0.504">
  <properties/>
  <testcase name="testGetTuple" classname="com.familymap.test_SQLDBConnection" time="0.49"/>
  <testcase name="testAddTuple" classname="com.familymap.test_SQLDBConnection" time="0.012"/>
  <testcase name="testInvalidWords" classname="com.familymap.test_SQLDBConnection" time="0.0"/>
  <system-out><![CDATA[INSERT INTO EventType (type) VALUES ('asdf')
]]></system-out>
  <system-err><![CDATA[]]></system-err>
</testsuite>
