<?xml version="1.0" encoding="UTF-8"?>
<testsuite name="com.familymap.test_AuthenticationAccess" tests="2" skipped="0" failures="0" errors="0" timestamp="2017-11-07T00:40:39" hostname="clwc-prog-5.byu.edu" time="0.347">
  <properties/>
  <testcase name="testRead" classname="com.familymap.test_AuthenticationAccess" time="0.336"/>
  <testcase name="testCreate" classname="com.familymap.test_AuthenticationAccess" time="0.01"/>
  <system-out><![CDATA[]]></system-out>
  <system-err><![CDATA[]]></system-err>
</testsuite>
