<?xml version="1.0" encoding="UTF-8"?>
<testsuite name="com.familymap.test_DataAccess" tests="4" skipped="0" failures="0" errors="0" timestamp="2017-11-01T06:39:53" hostname="ImacAttack" time="0.357">
  <properties/>
  <testcase name="testRead" classname="com.familymap.test_DataAccess" time="0.31"/>
  <testcase name="testCreate" classname="com.familymap.test_DataAccess" time="0.011"/>
  <testcase name="testDelete" classname="com.familymap.test_DataAccess" time="0.019"/>
  <testcase name="testUpdate" classname="com.familymap.test_DataAccess" time="0.016"/>
  <system-out><![CDATA[********************************DELETE FROM EventType where id = 203
********************************UPDATE EventType SET type = 'updated' WHERE id = 204
]]></system-out>
  <system-err><![CDATA[]]></system-err>
</testsuite>
