<?xml version="1.0" encoding="UTF-8"?>
<testsuite name="com.familymap.test_DataAccess" tests="4" skipped="0" failures="0" errors="0" timestamp="2017-10-31T23:34:56" hostname="ImacAttack" time="0.944">
  <properties/>
  <testcase name="testRead" classname="com.familymap.test_DataAccess" time="0.32"/>
  <testcase name="testCreate" classname="com.familymap.test_DataAccess" time="0.01"/>
  <testcase name="testDelete" classname="com.familymap.test_DataAccess" time="0.019"/>
  <testcase name="testUpdate" classname="com.familymap.test_DataAccess" time="0.594"/>
  <system-out><![CDATA[SELECT * FROM EventType where id = 93
]]></system-out>
  <system-err><![CDATA[]]></system-err>
</testsuite>
