<?xml version="1.0" encoding="UTF-8"?>
<testsuite name="com.familymap.test_SQLDBConnection" tests="2" skipped="0" failures="0" errors="0" timestamp="2017-10-31T13:34:29" hostname="ImacAttack" time="0.334">
  <properties/>
  <testcase name="testRead" classname="com.familymap.test_SQLDBConnection" time="0.323"/>
  <testcase name="testCreate" classname="com.familymap.test_SQLDBConnection" time="0.01"/>
  <system-out><![CDATA[SELECT * FROM EventType where id = 53
]]></system-out>
  <system-err><![CDATA[]]></system-err>
</testsuite>
