<?xml version="1.0" encoding="UTF-8"?>
<testsuite name="com.familymap.test_RegisterService" tests="1" skipped="0" failures="0" errors="0" timestamp="2017-11-07T00:40:41" hostname="clwc-prog-5.byu.edu" time="1.196">
  <properties/>
  <testcase name="testRegister" classname="com.familymap.test_RegisterService" time="1.196"/>
  <system-out><![CDATA[]]></system-out>
  <system-err><![CDATA[]]></system-err>
</testsuite>
