<?xml version="1.0" encoding="UTF-8"?>
<testsuite name="com.familymap.test_PersonAccess" tests="2" skipped="0" failures="0" errors="0" timestamp="2017-11-02T10:02:25" hostname="ImacAttack" time="0.023">
  <properties/>
  <testcase name="testRead" classname="com.familymap.test_PersonAccess" time="0.016"/>
  <testcase name="testCreate" classname="com.familymap.test_PersonAccess" time="0.007"/>
  <system-out><![CDATA[]]></system-out>
  <system-err><![CDATA[]]></system-err>
</testsuite>
