<?xml version="1.0" encoding="UTF-8"?>
<testsuite name="com.familymap.test_EventAccess" tests="4" skipped="0" failures="0" errors="0" timestamp="2017-11-03T08:43:42" hostname="ImacAttack" time="0.065">
  <properties/>
  <testcase name="testRead" classname="com.familymap.test_EventAccess" time="0.024"/>
  <testcase name="testCreate" classname="com.familymap.test_EventAccess" time="0.007"/>
  <testcase name="testDelete" classname="com.familymap.test_EventAccess" time="0.021"/>
  <testcase name="testUpdate" classname="com.familymap.test_EventAccess" time="0.013"/>
  <system-out><![CDATA[]]></system-out>
  <system-err><![CDATA[]]></system-err>
</testsuite>
